Determining if the pthread_create exist failed with the following output:
Change Dir: /home/ipa-mah/1_projects/perception_utils/build/CMakeFiles/CMakeTmp

Run Build Command(s):/usr/bin/make cmTC_5827a/fast 
/usr/bin/make -f CMakeFiles/cmTC_5827a.dir/build.make CMakeFiles/cmTC_5827a.dir/build
make[1]: Entering directory '/home/ipa-mah/1_projects/perception_utils/build/CMakeFiles/CMakeTmp'
Building CXX object CMakeFiles/cmTC_5827a.dir/CheckSymbolExists.cxx.o
/usr/bin/c++     -o CMakeFiles/cmTC_5827a.dir/CheckSymbolExists.cxx.o -c /home/ipa-mah/1_projects/perception_utils/build/CMakeFiles/CMakeTmp/CheckSymbolExists.cxx
Linking CXX executable cmTC_5827a
/usr/bin/cmake -E cmake_link_script CMakeFiles/cmTC_5827a.dir/link.txt --verbose=1
/usr/bin/c++       -rdynamic CMakeFiles/cmTC_5827a.dir/CheckSymbolExists.cxx.o  -o cmTC_5827a 
CMakeFiles/cmTC_5827a.dir/CheckSymbolExists.cxx.o: In function `main':
CheckSymbolExists.cxx:(.text+0x1b): undefined reference to `pthread_create'
collect2: error: ld returned 1 exit status
CMakeFiles/cmTC_5827a.dir/build.make:86: recipe for target 'cmTC_5827a' failed
make[1]: *** [cmTC_5827a] Error 1
make[1]: Leaving directory '/home/ipa-mah/1_projects/perception_utils/build/CMakeFiles/CMakeTmp'
Makefile:121: recipe for target 'cmTC_5827a/fast' failed
make: *** [cmTC_5827a/fast] Error 2

File /home/ipa-mah/1_projects/perception_utils/build/CMakeFiles/CMakeTmp/CheckSymbolExists.cxx:
/* */
#include <pthread.h>

int main(int argc, char** argv)
{
  (void)argv;
#ifndef pthread_create
  return ((int*)(&pthread_create))[argc];
#else
  (void)argc;
  return 0;
#endif
}

Determining if the function pthread_create exists in the pthreads failed with the following output:
Change Dir: /home/ipa-mah/1_projects/perception_utils/build/CMakeFiles/CMakeTmp

Run Build Command(s):/usr/bin/make cmTC_e123e/fast 
/usr/bin/make -f CMakeFiles/cmTC_e123e.dir/build.make CMakeFiles/cmTC_e123e.dir/build
make[1]: Entering directory '/home/ipa-mah/1_projects/perception_utils/build/CMakeFiles/CMakeTmp'
Building CXX object CMakeFiles/cmTC_e123e.dir/CheckFunctionExists.cxx.o
/usr/bin/c++    -DCHECK_FUNCTION_EXISTS=pthread_create   -o CMakeFiles/cmTC_e123e.dir/CheckFunctionExists.cxx.o -c /home/ipa-mah/1_projects/perception_utils/build/CMakeFiles/CheckLibraryExists/CheckFunctionExists.cxx
Linking CXX executable cmTC_e123e
/usr/bin/cmake -E cmake_link_script CMakeFiles/cmTC_e123e.dir/link.txt --verbose=1
/usr/bin/c++   -DCHECK_FUNCTION_EXISTS=pthread_create    -rdynamic CMakeFiles/cmTC_e123e.dir/CheckFunctionExists.cxx.o  -o cmTC_e123e -lpthreads 
/usr/bin/ld: cannot find -lpthreads
collect2: error: ld returned 1 exit status
CMakeFiles/cmTC_e123e.dir/build.make:86: recipe for target 'cmTC_e123e' failed
make[1]: *** [cmTC_e123e] Error 1
make[1]: Leaving directory '/home/ipa-mah/1_projects/perception_utils/build/CMakeFiles/CMakeTmp'
Makefile:121: recipe for target 'cmTC_e123e/fast' failed
make: *** [cmTC_e123e/fast] Error 2


